This file contains any messages produced by compilers while
running configure, to aid debugging if configure makes a mistake.

It was created by SHTns configure 3.3.1, which was
generated by GNU Autoconf 2.69.  Invocation command line was

  $ ./configure --prefix=/mnt/lfs1/HFIP/hfip-gfdl/Kun.Gao/HAFS_tools/sorc/hafs_tools.fd/sorc/hafs_extlibs

## --------- ##
## Platform. ##
## --------- ##

hostname = fe8
uname -m = x86_64
uname -r = 3.10.0-1160.53.1.el7.x86_64
uname -s = Linux
uname -v = #1 SMP Fri Jan 14 13:59:45 UTC 2022

/usr/bin/uname -p = x86_64
/bin/uname -X     = unknown

/bin/arch              = x86_64
/usr/bin/arch -k       = unknown
/usr/convex/getsysinfo = unknown
/usr/bin/hostinfo      = unknown
/bin/machine           = unknown
/usr/bin/oslevel       = unknown
/bin/universe          = unknown

PATH: /apps/cdo/1.6.7/bin
PATH: /apps/intel/intelpython3/bin
PATH: /apps/rocoto/1.3.3/bin
PATH: /apps/nco/4.9.1/intel/18.0.5.274/bin
PATH: /lfs4/HFIP/hfv3gfs/nwprod/hpc-stack/libs/intel-18.0.5.274/impi-2018.4.274/wgrib2/2.0.8/bin
PATH: /lfs4/HFIP/hfv3gfs/nwprod/hpc-stack/libs/intel-18.0.5.274/impi-2018.4.274/netcdf/4.7.4/bin
PATH: /lfs4/HFIP/hfv3gfs/nwprod/hpc-stack/libs/intel-18.0.5.274/impi-2018.4.274/hdf5/1.10.6/bin
PATH: /lfs4/HFIP/hfv3gfs/nwprod/hpc-stack/libs/intel-18.0.5.274/grib_util/1.2.2/bin
PATH: /lfs4/HFIP/hfv3gfs/nwprod/hpc-stack/libs/intel-18.0.5.274/prod_util/1.2.2/bin
PATH: /lfs4/HFIP/hfv3gfs/nwprod/hpc-stack/libs/intel-18.0.5.274/impi-2018.4.274/nemsio/2.5.2/bin
PATH: /lfs4/HFIP/hfv3gfs/nwprod/hpc-stack/libs/intel-18.0.5.274/impi-2018.4.274/esmf/8.2.1b04/bin
PATH: /lfs4/HFIP/hfv3gfs/nwprod/hpc-stack/libs/intel-18.0.5.274/impi-2018.4.274/pio/2.5.2/bin
PATH: /apps/intel/compilers_and_libraries_2018.5.274/linux/mpi/intel64/bin
PATH: /apps/intel/parallel_studio_xe_2018.4.057/compilers_and_libraries_2018/linux/bin/intel64
PATH: /apps/cmake/3.20.1/bin
PATH: /contrib/sutils/bin
PATH: /apps/local/bin
PATH: /apps-local/slurm/default/bin
PATH: /apps-local/slurm/default/sbin
PATH: /usr/lib64/qt-3.3/bin
PATH: /usr/local/bin
PATH: /bin
PATH: /usr/bin
PATH: /usr/local/sbin
PATH: /usr/sbin
PATH: /apps/hpss


## ----------- ##
## Core tests. ##
## ----------- ##

configure:2380: checking for gcc
configure:2407: result: /bin/gcc
configure:2636: checking for C compiler version
configure:2645: /bin/gcc --version >&5
gcc (GCC) 4.8.5 20150623 (Red Hat 4.8.5-44)
Copyright (C) 2015 Free Software Foundation, Inc.
This is free software; see the source for copying conditions.  There is NO
warranty; not even for MERCHANTABILITY or FITNESS FOR A PARTICULAR PURPOSE.

configure:2656: $? = 0
configure:2645: /bin/gcc -v >&5
Using built-in specs.
COLLECT_GCC=/bin/gcc
COLLECT_LTO_WRAPPER=/usr/libexec/gcc/x86_64-redhat-linux/4.8.5/lto-wrapper
Target: x86_64-redhat-linux
Configured with: ../configure --prefix=/usr --mandir=/usr/share/man --infodir=/usr/share/info --with-bugurl=http://bugzilla.redhat.com/bugzilla --enable-bootstrap --enable-shared --enable-threads=posix --enable-checking=release --with-system-zlib --enable-__cxa_atexit --disable-libunwind-exceptions --enable-gnu-unique-object --enable-linker-build-id --with-linker-hash-style=gnu --enable-languages=c,c++,objc,obj-c++,java,fortran,ada,go,lto --enable-plugin --enable-initfini-array --disable-libgcj --with-isl=/builddir/build/BUILD/gcc-4.8.5-20150702/obj-x86_64-redhat-linux/isl-install --with-cloog=/builddir/build/BUILD/gcc-4.8.5-20150702/obj-x86_64-redhat-linux/cloog-install --enable-gnu-indirect-function --with-tune=generic --with-arch_32=x86-64 --build=x86_64-redhat-linux
Thread model: posix
gcc version 4.8.5 20150623 (Red Hat 4.8.5-44) (GCC) 
configure:2656: $? = 0
configure:2645: /bin/gcc -V >&5
gcc: error: unrecognized command line option '-V'
gcc: fatal error: no input files
compilation terminated.
configure:2656: $? = 4
configure:2645: /bin/gcc -qversion >&5
gcc: error: unrecognized command line option '-qversion'
gcc: fatal error: no input files
compilation terminated.
configure:2656: $? = 4
configure:2676: checking whether the C compiler works
configure:2698: /bin/gcc -O2 -I/mnt/lfs1/HFIP/hfip-gfdl/Kun.Gao/HAFS_tools/sorc/hafs_tools.fd/sorc/hafs_extlibs/include -L/mnt/lfs1/HFIP/hfip-gfdl/Kun.Gao/HAFS_tools/sorc/hafs_tools.fd/sorc/hafs_extlibs/lib  -L/mnt/lfs1/HFIP/hfip-gfdl/Kun.Gao/HAFS_tools/sorc/hafs_tools.fd/sorc/hafs_extlibs/lib conftest.c  >&5
configure:2702: $? = 0
configure:2750: result: yes
configure:2753: checking for C compiler default output file name
configure:2755: result: a.out
configure:2761: checking for suffix of executables
configure:2768: /bin/gcc -o conftest -O2 -I/mnt/lfs1/HFIP/hfip-gfdl/Kun.Gao/HAFS_tools/sorc/hafs_tools.fd/sorc/hafs_extlibs/include -L/mnt/lfs1/HFIP/hfip-gfdl/Kun.Gao/HAFS_tools/sorc/hafs_tools.fd/sorc/hafs_extlibs/lib  -L/mnt/lfs1/HFIP/hfip-gfdl/Kun.Gao/HAFS_tools/sorc/hafs_tools.fd/sorc/hafs_extlibs/lib conftest.c  >&5
configure:2772: $? = 0
configure:2794: result: 
configure:2816: checking whether we are cross compiling
configure:2824: /bin/gcc -o conftest -O2 -I/mnt/lfs1/HFIP/hfip-gfdl/Kun.Gao/HAFS_tools/sorc/hafs_tools.fd/sorc/hafs_extlibs/include -L/mnt/lfs1/HFIP/hfip-gfdl/Kun.Gao/HAFS_tools/sorc/hafs_tools.fd/sorc/hafs_extlibs/lib  -L/mnt/lfs1/HFIP/hfip-gfdl/Kun.Gao/HAFS_tools/sorc/hafs_tools.fd/sorc/hafs_extlibs/lib conftest.c  >&5
configure:2828: $? = 0
configure:2835: ./conftest
configure:2839: $? = 0
configure:2854: result: no
configure:2859: checking for suffix of object files
configure:2881: /bin/gcc -c -O2 -I/mnt/lfs1/HFIP/hfip-gfdl/Kun.Gao/HAFS_tools/sorc/hafs_tools.fd/sorc/hafs_extlibs/include -L/mnt/lfs1/HFIP/hfip-gfdl/Kun.Gao/HAFS_tools/sorc/hafs_tools.fd/sorc/hafs_extlibs/lib  conftest.c >&5
configure:2885: $? = 0
configure:2906: result: o
configure:2910: checking whether we are using the GNU C compiler
configure:2929: /bin/gcc -c -O2 -I/mnt/lfs1/HFIP/hfip-gfdl/Kun.Gao/HAFS_tools/sorc/hafs_tools.fd/sorc/hafs_extlibs/include -L/mnt/lfs1/HFIP/hfip-gfdl/Kun.Gao/HAFS_tools/sorc/hafs_tools.fd/sorc/hafs_extlibs/lib  conftest.c >&5
configure:2929: $? = 0
configure:2938: result: yes
configure:2947: checking whether /bin/gcc accepts -g
configure:2967: /bin/gcc -c -g  conftest.c >&5
configure:2967: $? = 0
configure:3008: result: yes
configure:3025: checking for /bin/gcc option to accept ISO C89
configure:3088: /bin/gcc  -c -O2 -I/mnt/lfs1/HFIP/hfip-gfdl/Kun.Gao/HAFS_tools/sorc/hafs_tools.fd/sorc/hafs_extlibs/include -L/mnt/lfs1/HFIP/hfip-gfdl/Kun.Gao/HAFS_tools/sorc/hafs_tools.fd/sorc/hafs_extlibs/lib  conftest.c >&5
configure:3088: $? = 0
configure:3101: result: none needed
configure:3121: checking for a sed that does not truncate output
configure:3185: result: /bin/sed
configure:3200: checking whether C compiler accepts -march=native
configure:3219: /bin/gcc -c -O2 -I/mnt/lfs1/HFIP/hfip-gfdl/Kun.Gao/HAFS_tools/sorc/hafs_tools.fd/sorc/hafs_extlibs/include -L/mnt/lfs1/HFIP/hfip-gfdl/Kun.Gao/HAFS_tools/sorc/hafs_tools.fd/sorc/hafs_extlibs/lib  -march=native  conftest.c >&5
configure:3219: $? = 0
configure:3227: result: yes
configure:3272: checking whether C compiler accepts -qopt-zmm-usage=high
configure:3291: /bin/gcc -march=native -c -O2 -I/mnt/lfs1/HFIP/hfip-gfdl/Kun.Gao/HAFS_tools/sorc/hafs_tools.fd/sorc/hafs_extlibs/include -L/mnt/lfs1/HFIP/hfip-gfdl/Kun.Gao/HAFS_tools/sorc/hafs_tools.fd/sorc/hafs_extlibs/lib  -qopt-zmm-usage=high  conftest.c >&5
gcc: error: unrecognized command line option '-qopt-zmm-usage=high'
configure:3291: $? = 1
configure: failed program was:
| /* confdefs.h */
| #define PACKAGE_NAME "SHTns"
| #define PACKAGE_TARNAME "shtns"
| #define PACKAGE_VERSION "3.3.1"
| #define PACKAGE_STRING "SHTns 3.3.1"
| #define PACKAGE_BUGREPORT ""
| #define PACKAGE_URL "https://bitbucket.org/nschaeff/shtns"
| /* end confdefs.h.  */
| 
| int
| main ()
| {
| 
|   ;
|   return 0;
| }
configure:3299: result: no
configure:3354: checking whether C compiler accepts -ffast-math
configure:3373: /bin/gcc -march=native -c -O2 -I/mnt/lfs1/HFIP/hfip-gfdl/Kun.Gao/HAFS_tools/sorc/hafs_tools.fd/sorc/hafs_extlibs/include -L/mnt/lfs1/HFIP/hfip-gfdl/Kun.Gao/HAFS_tools/sorc/hafs_tools.fd/sorc/hafs_extlibs/lib  -ffast-math  conftest.c >&5
configure:3373: $? = 0
configure:3381: result: yes
configure:3389: checking whether C compiler accepts -std=gnu99
configure:3408: /bin/gcc -march=native -c -O2 -I/mnt/lfs1/HFIP/hfip-gfdl/Kun.Gao/HAFS_tools/sorc/hafs_tools.fd/sorc/hafs_extlibs/include -L/mnt/lfs1/HFIP/hfip-gfdl/Kun.Gao/HAFS_tools/sorc/hafs_tools.fd/sorc/hafs_extlibs/lib -ffast-math  -std=gnu99  conftest.c >&5
configure:3408: $? = 0
configure:3416: result: yes
configure:3431: checking how to run the C preprocessor
configure:3462: /bin/gcc -march=native -E  conftest.c
configure:3462: $? = 0
configure:3476: /bin/gcc -march=native -E  conftest.c
conftest.c:9:28: fatal error: ac_nonexistent.h: No such file or directory
 #include <ac_nonexistent.h>
                            ^
compilation terminated.
configure:3476: $? = 1
configure: failed program was:
| /* confdefs.h */
| #define PACKAGE_NAME "SHTns"
| #define PACKAGE_TARNAME "shtns"
| #define PACKAGE_VERSION "3.3.1"
| #define PACKAGE_STRING "SHTns 3.3.1"
| #define PACKAGE_BUGREPORT ""
| #define PACKAGE_URL "https://bitbucket.org/nschaeff/shtns"
| /* end confdefs.h.  */
| #include <ac_nonexistent.h>
configure:3501: result: /bin/gcc -march=native -E
configure:3521: /bin/gcc -march=native -E  conftest.c
configure:3521: $? = 0
configure:3535: /bin/gcc -march=native -E  conftest.c
conftest.c:9:28: fatal error: ac_nonexistent.h: No such file or directory
 #include <ac_nonexistent.h>
                            ^
compilation terminated.
configure:3535: $? = 1
configure: failed program was:
| /* confdefs.h */
| #define PACKAGE_NAME "SHTns"
| #define PACKAGE_TARNAME "shtns"
| #define PACKAGE_VERSION "3.3.1"
| #define PACKAGE_STRING "SHTns 3.3.1"
| #define PACKAGE_BUGREPORT ""
| #define PACKAGE_URL "https://bitbucket.org/nschaeff/shtns"
| /* end confdefs.h.  */
| #include <ac_nonexistent.h>
configure:3564: checking for grep that handles long lines and -e
configure:3622: result: /bin/grep
configure:3627: checking for egrep
configure:3689: result: /bin/grep -E
configure:3711: checking for ANSI C header files
configure:3731: /bin/gcc -march=native -c -O2 -I/mnt/lfs1/HFIP/hfip-gfdl/Kun.Gao/HAFS_tools/sorc/hafs_tools.fd/sorc/hafs_extlibs/include -L/mnt/lfs1/HFIP/hfip-gfdl/Kun.Gao/HAFS_tools/sorc/hafs_tools.fd/sorc/hafs_extlibs/lib -ffast-math -std=gnu99  conftest.c >&5
configure:3731: $? = 0
configure:3804: /bin/gcc -march=native -o conftest -O2 -I/mnt/lfs1/HFIP/hfip-gfdl/Kun.Gao/HAFS_tools/sorc/hafs_tools.fd/sorc/hafs_extlibs/include -L/mnt/lfs1/HFIP/hfip-gfdl/Kun.Gao/HAFS_tools/sorc/hafs_tools.fd/sorc/hafs_extlibs/lib -ffast-math -std=gnu99  -L/mnt/lfs1/HFIP/hfip-gfdl/Kun.Gao/HAFS_tools/sorc/hafs_tools.fd/sorc/hafs_extlibs/lib conftest.c  >&5
configure:3804: $? = 0
configure:3804: ./conftest
configure:3804: $? = 0
configure:3815: result: yes
configure:3828: checking for sys/types.h
configure:3828: /bin/gcc -march=native -c -O2 -I/mnt/lfs1/HFIP/hfip-gfdl/Kun.Gao/HAFS_tools/sorc/hafs_tools.fd/sorc/hafs_extlibs/include -L/mnt/lfs1/HFIP/hfip-gfdl/Kun.Gao/HAFS_tools/sorc/hafs_tools.fd/sorc/hafs_extlibs/lib -ffast-math -std=gnu99  conftest.c >&5
configure:3828: $? = 0
configure:3828: result: yes
configure:3828: checking for sys/stat.h
configure:3828: /bin/gcc -march=native -c -O2 -I/mnt/lfs1/HFIP/hfip-gfdl/Kun.Gao/HAFS_tools/sorc/hafs_tools.fd/sorc/hafs_extlibs/include -L/mnt/lfs1/HFIP/hfip-gfdl/Kun.Gao/HAFS_tools/sorc/hafs_tools.fd/sorc/hafs_extlibs/lib -ffast-math -std=gnu99  conftest.c >&5
configure:3828: $? = 0
configure:3828: result: yes
configure:3828: checking for stdlib.h
configure:3828: /bin/gcc -march=native -c -O2 -I/mnt/lfs1/HFIP/hfip-gfdl/Kun.Gao/HAFS_tools/sorc/hafs_tools.fd/sorc/hafs_extlibs/include -L/mnt/lfs1/HFIP/hfip-gfdl/Kun.Gao/HAFS_tools/sorc/hafs_tools.fd/sorc/hafs_extlibs/lib -ffast-math -std=gnu99  conftest.c >&5
configure:3828: $? = 0
configure:3828: result: yes
configure:3828: checking for string.h
configure:3828: /bin/gcc -march=native -c -O2 -I/mnt/lfs1/HFIP/hfip-gfdl/Kun.Gao/HAFS_tools/sorc/hafs_tools.fd/sorc/hafs_extlibs/include -L/mnt/lfs1/HFIP/hfip-gfdl/Kun.Gao/HAFS_tools/sorc/hafs_tools.fd/sorc/hafs_extlibs/lib -ffast-math -std=gnu99  conftest.c >&5
configure:3828: $? = 0
configure:3828: result: yes
configure:3828: checking for memory.h
configure:3828: /bin/gcc -march=native -c -O2 -I/mnt/lfs1/HFIP/hfip-gfdl/Kun.Gao/HAFS_tools/sorc/hafs_tools.fd/sorc/hafs_extlibs/include -L/mnt/lfs1/HFIP/hfip-gfdl/Kun.Gao/HAFS_tools/sorc/hafs_tools.fd/sorc/hafs_extlibs/lib -ffast-math -std=gnu99  conftest.c >&5
configure:3828: $? = 0
configure:3828: result: yes
configure:3828: checking for strings.h
configure:3828: /bin/gcc -march=native -c -O2 -I/mnt/lfs1/HFIP/hfip-gfdl/Kun.Gao/HAFS_tools/sorc/hafs_tools.fd/sorc/hafs_extlibs/include -L/mnt/lfs1/HFIP/hfip-gfdl/Kun.Gao/HAFS_tools/sorc/hafs_tools.fd/sorc/hafs_extlibs/lib -ffast-math -std=gnu99  conftest.c >&5
configure:3828: $? = 0
configure:3828: result: yes
configure:3828: checking for inttypes.h
configure:3828: /bin/gcc -march=native -c -O2 -I/mnt/lfs1/HFIP/hfip-gfdl/Kun.Gao/HAFS_tools/sorc/hafs_tools.fd/sorc/hafs_extlibs/include -L/mnt/lfs1/HFIP/hfip-gfdl/Kun.Gao/HAFS_tools/sorc/hafs_tools.fd/sorc/hafs_extlibs/lib -ffast-math -std=gnu99  conftest.c >&5
configure:3828: $? = 0
configure:3828: result: yes
configure:3828: checking for stdint.h
configure:3828: /bin/gcc -march=native -c -O2 -I/mnt/lfs1/HFIP/hfip-gfdl/Kun.Gao/HAFS_tools/sorc/hafs_tools.fd/sorc/hafs_extlibs/include -L/mnt/lfs1/HFIP/hfip-gfdl/Kun.Gao/HAFS_tools/sorc/hafs_tools.fd/sorc/hafs_extlibs/lib -ffast-math -std=gnu99  conftest.c >&5
configure:3828: $? = 0
configure:3828: result: yes
configure:3828: checking for unistd.h
configure:3828: /bin/gcc -march=native -c -O2 -I/mnt/lfs1/HFIP/hfip-gfdl/Kun.Gao/HAFS_tools/sorc/hafs_tools.fd/sorc/hafs_extlibs/include -L/mnt/lfs1/HFIP/hfip-gfdl/Kun.Gao/HAFS_tools/sorc/hafs_tools.fd/sorc/hafs_extlibs/lib -ffast-math -std=gnu99  conftest.c >&5
configure:3828: $? = 0
configure:3828: result: yes
configure:3843: checking for stdlib.h
configure:3843: result: yes
configure:3843: checking stdio.h usability
configure:3843: /bin/gcc -march=native -c -O2 -I/mnt/lfs1/HFIP/hfip-gfdl/Kun.Gao/HAFS_tools/sorc/hafs_tools.fd/sorc/hafs_extlibs/include -L/mnt/lfs1/HFIP/hfip-gfdl/Kun.Gao/HAFS_tools/sorc/hafs_tools.fd/sorc/hafs_extlibs/lib -ffast-math -std=gnu99  conftest.c >&5
configure:3843: $? = 0
configure:3843: result: yes
configure:3843: checking stdio.h presence
configure:3843: /bin/gcc -march=native -E  conftest.c
configure:3843: $? = 0
configure:3843: result: yes
configure:3843: checking for stdio.h
configure:3843: result: yes
configure:3843: checking for string.h
configure:3843: result: yes
configure:3843: checking math.h usability
configure:3843: /bin/gcc -march=native -c -O2 -I/mnt/lfs1/HFIP/hfip-gfdl/Kun.Gao/HAFS_tools/sorc/hafs_tools.fd/sorc/hafs_extlibs/include -L/mnt/lfs1/HFIP/hfip-gfdl/Kun.Gao/HAFS_tools/sorc/hafs_tools.fd/sorc/hafs_extlibs/lib -ffast-math -std=gnu99  conftest.c >&5
configure:3843: $? = 0
configure:3843: result: yes
configure:3843: checking math.h presence
configure:3843: /bin/gcc -march=native -E  conftest.c
configure:3843: $? = 0
configure:3843: result: yes
configure:3843: checking for math.h
configure:3843: result: yes
configure:3843: checking complex.h usability
configure:3843: /bin/gcc -march=native -c -O2 -I/mnt/lfs1/HFIP/hfip-gfdl/Kun.Gao/HAFS_tools/sorc/hafs_tools.fd/sorc/hafs_extlibs/include -L/mnt/lfs1/HFIP/hfip-gfdl/Kun.Gao/HAFS_tools/sorc/hafs_tools.fd/sorc/hafs_extlibs/lib -ffast-math -std=gnu99  conftest.c >&5
configure:3843: $? = 0
configure:3843: result: yes
configure:3843: checking complex.h presence
configure:3843: /bin/gcc -march=native -E  conftest.c
configure:3843: $? = 0
configure:3843: result: yes
configure:3843: checking for complex.h
configure:3843: result: yes
configure:3855: checking for cos in -lm
configure:3880: /bin/gcc -march=native -o conftest -O2 -I/mnt/lfs1/HFIP/hfip-gfdl/Kun.Gao/HAFS_tools/sorc/hafs_tools.fd/sorc/hafs_extlibs/include -L/mnt/lfs1/HFIP/hfip-gfdl/Kun.Gao/HAFS_tools/sorc/hafs_tools.fd/sorc/hafs_extlibs/lib -ffast-math -std=gnu99  -L/mnt/lfs1/HFIP/hfip-gfdl/Kun.Gao/HAFS_tools/sorc/hafs_tools.fd/sorc/hafs_extlibs/lib conftest.c -lm   >&5
conftest.c:31:6: warning: conflicting types for built-in function 'cos' [enabled by default]
 char cos ();
      ^
configure:3880: $? = 0
configure:3889: result: yes
configure:4287: checking for fftw_plan_many_dft in -lfftw3
configure:4312: /bin/gcc -march=native -o conftest -O2 -I/mnt/lfs1/HFIP/hfip-gfdl/Kun.Gao/HAFS_tools/sorc/hafs_tools.fd/sorc/hafs_extlibs/include -L/mnt/lfs1/HFIP/hfip-gfdl/Kun.Gao/HAFS_tools/sorc/hafs_tools.fd/sorc/hafs_extlibs/lib -ffast-math -std=gnu99  -L/mnt/lfs1/HFIP/hfip-gfdl/Kun.Gao/HAFS_tools/sorc/hafs_tools.fd/sorc/hafs_extlibs/lib conftest.c -lfftw3  -lm  >&5
configure:4312: $? = 0
configure:4321: result: yes
configure:4544: checking for size_t
configure:4544: /bin/gcc -march=native -c -O2 -I/mnt/lfs1/HFIP/hfip-gfdl/Kun.Gao/HAFS_tools/sorc/hafs_tools.fd/sorc/hafs_extlibs/include -L/mnt/lfs1/HFIP/hfip-gfdl/Kun.Gao/HAFS_tools/sorc/hafs_tools.fd/sorc/hafs_extlibs/lib -ffast-math -std=gnu99  conftest.c >&5
configure:4544: $? = 0
configure:4544: /bin/gcc -march=native -c -O2 -I/mnt/lfs1/HFIP/hfip-gfdl/Kun.Gao/HAFS_tools/sorc/hafs_tools.fd/sorc/hafs_extlibs/include -L/mnt/lfs1/HFIP/hfip-gfdl/Kun.Gao/HAFS_tools/sorc/hafs_tools.fd/sorc/hafs_extlibs/lib -ffast-math -std=gnu99  conftest.c >&5
conftest.c: In function 'main':
conftest.c:65:21: error: expected expression before ')' token
 if (sizeof ((size_t)))
                     ^
configure:4544: $? = 1
configure: failed program was:
| /* confdefs.h */
| #define PACKAGE_NAME "SHTns"
| #define PACKAGE_TARNAME "shtns"
| #define PACKAGE_VERSION "3.3.1"
| #define PACKAGE_STRING "SHTns 3.3.1"
| #define PACKAGE_BUGREPORT ""
| #define PACKAGE_URL "https://bitbucket.org/nschaeff/shtns"
| #define STDC_HEADERS 1
| #define HAVE_SYS_TYPES_H 1
| #define HAVE_SYS_STAT_H 1
| #define HAVE_STDLIB_H 1
| #define HAVE_STRING_H 1
| #define HAVE_MEMORY_H 1
| #define HAVE_STRINGS_H 1
| #define HAVE_INTTYPES_H 1
| #define HAVE_STDINT_H 1
| #define HAVE_UNISTD_H 1
| #define HAVE_STDLIB_H 1
| #define HAVE_STDIO_H 1
| #define HAVE_STRING_H 1
| #define HAVE_MATH_H 1
| #define HAVE_COMPLEX_H 1
| #define HAVE_LIBM 1
| #define HAVE_LIBFFTW3 1
| #define SHT_F77_API 1
| #define _GCC_VEC_ 1
| #define SHT_VERBOSE 1
| /* end confdefs.h.  */
| #include <stdio.h>
| #ifdef HAVE_SYS_TYPES_H
| # include <sys/types.h>
| #endif
| #ifdef HAVE_SYS_STAT_H
| # include <sys/stat.h>
| #endif
| #ifdef STDC_HEADERS
| # include <stdlib.h>
| # include <stddef.h>
| #else
| # ifdef HAVE_STDLIB_H
| #  include <stdlib.h>
| # endif
| #endif
| #ifdef HAVE_STRING_H
| # if !defined STDC_HEADERS && defined HAVE_MEMORY_H
| #  include <memory.h>
| # endif
| # include <string.h>
| #endif
| #ifdef HAVE_STRINGS_H
| # include <strings.h>
| #endif
| #ifdef HAVE_INTTYPES_H
| # include <inttypes.h>
| #endif
| #ifdef HAVE_STDINT_H
| # include <stdint.h>
| #endif
| #ifdef HAVE_UNISTD_H
| # include <unistd.h>
| #endif
| int
| main ()
| {
| if (sizeof ((size_t)))
| 	    return 0;
|   ;
|   return 0;
| }
configure:4544: result: yes
configure:4561: checking for fftw_cost
configure:4561: /bin/gcc -march=native -o conftest -O2 -I/mnt/lfs1/HFIP/hfip-gfdl/Kun.Gao/HAFS_tools/sorc/hafs_tools.fd/sorc/hafs_extlibs/include -L/mnt/lfs1/HFIP/hfip-gfdl/Kun.Gao/HAFS_tools/sorc/hafs_tools.fd/sorc/hafs_extlibs/lib -ffast-math -std=gnu99  -L/mnt/lfs1/HFIP/hfip-gfdl/Kun.Gao/HAFS_tools/sorc/hafs_tools.fd/sorc/hafs_extlibs/lib conftest.c -lfftw3 -lm  >&5
configure:4561: $? = 0
configure:4561: result: yes
configure:4572: checking for inline
configure:4588: /bin/gcc -march=native -c -O2 -I/mnt/lfs1/HFIP/hfip-gfdl/Kun.Gao/HAFS_tools/sorc/hafs_tools.fd/sorc/hafs_extlibs/include -L/mnt/lfs1/HFIP/hfip-gfdl/Kun.Gao/HAFS_tools/sorc/hafs_tools.fd/sorc/hafs_extlibs/lib -ffast-math -std=gnu99  conftest.c >&5
configure:4588: $? = 0
configure:4596: result: inline
configure:4614: checking whether time.h and sys/time.h may both be included
configure:4634: /bin/gcc -march=native -c -O2 -I/mnt/lfs1/HFIP/hfip-gfdl/Kun.Gao/HAFS_tools/sorc/hafs_tools.fd/sorc/hafs_extlibs/include -L/mnt/lfs1/HFIP/hfip-gfdl/Kun.Gao/HAFS_tools/sorc/hafs_tools.fd/sorc/hafs_extlibs/lib -ffast-math -std=gnu99  conftest.c >&5
configure:4634: $? = 0
configure:4641: result: yes
configure:4652: checking sys/time.h usability
configure:4652: /bin/gcc -march=native -c -O2 -I/mnt/lfs1/HFIP/hfip-gfdl/Kun.Gao/HAFS_tools/sorc/hafs_tools.fd/sorc/hafs_extlibs/include -L/mnt/lfs1/HFIP/hfip-gfdl/Kun.Gao/HAFS_tools/sorc/hafs_tools.fd/sorc/hafs_extlibs/lib -ffast-math -std=gnu99  conftest.c >&5
configure:4652: $? = 0
configure:4652: result: yes
configure:4652: checking sys/time.h presence
configure:4652: /bin/gcc -march=native -E  conftest.c
configure:4652: $? = 0
configure:4652: result: yes
configure:4652: checking for sys/time.h
configure:4652: result: yes
configure:4652: checking c_asm.h usability
configure:4652: /bin/gcc -march=native -c -O2 -I/mnt/lfs1/HFIP/hfip-gfdl/Kun.Gao/HAFS_tools/sorc/hafs_tools.fd/sorc/hafs_extlibs/include -L/mnt/lfs1/HFIP/hfip-gfdl/Kun.Gao/HAFS_tools/sorc/hafs_tools.fd/sorc/hafs_extlibs/lib -ffast-math -std=gnu99  conftest.c >&5
conftest.c:65:19: fatal error: c_asm.h: No such file or directory
 #include <c_asm.h>
                   ^
compilation terminated.
configure:4652: $? = 1
configure: failed program was:
| /* confdefs.h */
| #define PACKAGE_NAME "SHTns"
| #define PACKAGE_TARNAME "shtns"
| #define PACKAGE_VERSION "3.3.1"
| #define PACKAGE_STRING "SHTns 3.3.1"
| #define PACKAGE_BUGREPORT ""
| #define PACKAGE_URL "https://bitbucket.org/nschaeff/shtns"
| #define STDC_HEADERS 1
| #define HAVE_SYS_TYPES_H 1
| #define HAVE_SYS_STAT_H 1
| #define HAVE_STDLIB_H 1
| #define HAVE_STRING_H 1
| #define HAVE_MEMORY_H 1
| #define HAVE_STRINGS_H 1
| #define HAVE_INTTYPES_H 1
| #define HAVE_STDINT_H 1
| #define HAVE_UNISTD_H 1
| #define HAVE_STDLIB_H 1
| #define HAVE_STDIO_H 1
| #define HAVE_STRING_H 1
| #define HAVE_MATH_H 1
| #define HAVE_COMPLEX_H 1
| #define HAVE_LIBM 1
| #define HAVE_LIBFFTW3 1
| #define SHT_F77_API 1
| #define _GCC_VEC_ 1
| #define SHT_VERBOSE 1
| #define HAVE_FFTW_COST 1
| #define TIME_WITH_SYS_TIME 1
| #define HAVE_SYS_TIME_H 1
| /* end confdefs.h.  */
| #include <stdio.h>
| #ifdef HAVE_SYS_TYPES_H
| # include <sys/types.h>
| #endif
| #ifdef HAVE_SYS_STAT_H
| # include <sys/stat.h>
| #endif
| #ifdef STDC_HEADERS
| # include <stdlib.h>
| # include <stddef.h>
| #else
| # ifdef HAVE_STDLIB_H
| #  include <stdlib.h>
| # endif
| #endif
| #ifdef HAVE_STRING_H
| # if !defined STDC_HEADERS && defined HAVE_MEMORY_H
| #  include <memory.h>
| # endif
| # include <string.h>
| #endif
| #ifdef HAVE_STRINGS_H
| # include <strings.h>
| #endif
| #ifdef HAVE_INTTYPES_H
| # include <inttypes.h>
| #endif
| #ifdef HAVE_STDINT_H
| # include <stdint.h>
| #endif
| #ifdef HAVE_UNISTD_H
| # include <unistd.h>
| #endif
| #include <c_asm.h>
configure:4652: result: no
configure:4652: checking c_asm.h presence
configure:4652: /bin/gcc -march=native -E  conftest.c
conftest.c:32:19: fatal error: c_asm.h: No such file or directory
 #include <c_asm.h>
                   ^
compilation terminated.
configure:4652: $? = 1
configure: failed program was:
| /* confdefs.h */
| #define PACKAGE_NAME "SHTns"
| #define PACKAGE_TARNAME "shtns"
| #define PACKAGE_VERSION "3.3.1"
| #define PACKAGE_STRING "SHTns 3.3.1"
| #define PACKAGE_BUGREPORT ""
| #define PACKAGE_URL "https://bitbucket.org/nschaeff/shtns"
| #define STDC_HEADERS 1
| #define HAVE_SYS_TYPES_H 1
| #define HAVE_SYS_STAT_H 1
| #define HAVE_STDLIB_H 1
| #define HAVE_STRING_H 1
| #define HAVE_MEMORY_H 1
| #define HAVE_STRINGS_H 1
| #define HAVE_INTTYPES_H 1
| #define HAVE_STDINT_H 1
| #define HAVE_UNISTD_H 1
| #define HAVE_STDLIB_H 1
| #define HAVE_STDIO_H 1
| #define HAVE_STRING_H 1
| #define HAVE_MATH_H 1
| #define HAVE_COMPLEX_H 1
| #define HAVE_LIBM 1
| #define HAVE_LIBFFTW3 1
| #define SHT_F77_API 1
| #define _GCC_VEC_ 1
| #define SHT_VERBOSE 1
| #define HAVE_FFTW_COST 1
| #define TIME_WITH_SYS_TIME 1
| #define HAVE_SYS_TIME_H 1
| /* end confdefs.h.  */
| #include <c_asm.h>
configure:4652: result: no
configure:4652: checking for c_asm.h
configure:4652: result: no
configure:4652: checking intrinsics.h usability
configure:4652: /bin/gcc -march=native -c -O2 -I/mnt/lfs1/HFIP/hfip-gfdl/Kun.Gao/HAFS_tools/sorc/hafs_tools.fd/sorc/hafs_extlibs/include -L/mnt/lfs1/HFIP/hfip-gfdl/Kun.Gao/HAFS_tools/sorc/hafs_tools.fd/sorc/hafs_extlibs/lib -ffast-math -std=gnu99  conftest.c >&5
conftest.c:65:24: fatal error: intrinsics.h: No such file or directory
 #include <intrinsics.h>
                        ^
compilation terminated.
configure:4652: $? = 1
configure: failed program was:
| /* confdefs.h */
| #define PACKAGE_NAME "SHTns"
| #define PACKAGE_TARNAME "shtns"
| #define PACKAGE_VERSION "3.3.1"
| #define PACKAGE_STRING "SHTns 3.3.1"
| #define PACKAGE_BUGREPORT ""
| #define PACKAGE_URL "https://bitbucket.org/nschaeff/shtns"
| #define STDC_HEADERS 1
| #define HAVE_SYS_TYPES_H 1
| #define HAVE_SYS_STAT_H 1
| #define HAVE_STDLIB_H 1
| #define HAVE_STRING_H 1
| #define HAVE_MEMORY_H 1
| #define HAVE_STRINGS_H 1
| #define HAVE_INTTYPES_H 1
| #define HAVE_STDINT_H 1
| #define HAVE_UNISTD_H 1
| #define HAVE_STDLIB_H 1
| #define HAVE_STDIO_H 1
| #define HAVE_STRING_H 1
| #define HAVE_MATH_H 1
| #define HAVE_COMPLEX_H 1
| #define HAVE_LIBM 1
| #define HAVE_LIBFFTW3 1
| #define SHT_F77_API 1
| #define _GCC_VEC_ 1
| #define SHT_VERBOSE 1
| #define HAVE_FFTW_COST 1
| #define TIME_WITH_SYS_TIME 1
| #define HAVE_SYS_TIME_H 1
| /* end confdefs.h.  */
| #include <stdio.h>
| #ifdef HAVE_SYS_TYPES_H
| # include <sys/types.h>
| #endif
| #ifdef HAVE_SYS_STAT_H
| # include <sys/stat.h>
| #endif
| #ifdef STDC_HEADERS
| # include <stdlib.h>
| # include <stddef.h>
| #else
| # ifdef HAVE_STDLIB_H
| #  include <stdlib.h>
| # endif
| #endif
| #ifdef HAVE_STRING_H
| # if !defined STDC_HEADERS && defined HAVE_MEMORY_H
| #  include <memory.h>
| # endif
| # include <string.h>
| #endif
| #ifdef HAVE_STRINGS_H
| # include <strings.h>
| #endif
| #ifdef HAVE_INTTYPES_H
| # include <inttypes.h>
| #endif
| #ifdef HAVE_STDINT_H
| # include <stdint.h>
| #endif
| #ifdef HAVE_UNISTD_H
| # include <unistd.h>
| #endif
| #include <intrinsics.h>
configure:4652: result: no
configure:4652: checking intrinsics.h presence
configure:4652: /bin/gcc -march=native -E  conftest.c
conftest.c:32:24: fatal error: intrinsics.h: No such file or directory
 #include <intrinsics.h>
                        ^
compilation terminated.
configure:4652: $? = 1
configure: failed program was:
| /* confdefs.h */
| #define PACKAGE_NAME "SHTns"
| #define PACKAGE_TARNAME "shtns"
| #define PACKAGE_VERSION "3.3.1"
| #define PACKAGE_STRING "SHTns 3.3.1"
| #define PACKAGE_BUGREPORT ""
| #define PACKAGE_URL "https://bitbucket.org/nschaeff/shtns"
| #define STDC_HEADERS 1
| #define HAVE_SYS_TYPES_H 1
| #define HAVE_SYS_STAT_H 1
| #define HAVE_STDLIB_H 1
| #define HAVE_STRING_H 1
| #define HAVE_MEMORY_H 1
| #define HAVE_STRINGS_H 1
| #define HAVE_INTTYPES_H 1
| #define HAVE_STDINT_H 1
| #define HAVE_UNISTD_H 1
| #define HAVE_STDLIB_H 1
| #define HAVE_STDIO_H 1
| #define HAVE_STRING_H 1
| #define HAVE_MATH_H 1
| #define HAVE_COMPLEX_H 1
| #define HAVE_LIBM 1
| #define HAVE_LIBFFTW3 1
| #define SHT_F77_API 1
| #define _GCC_VEC_ 1
| #define SHT_VERBOSE 1
| #define HAVE_FFTW_COST 1
| #define TIME_WITH_SYS_TIME 1
| #define HAVE_SYS_TIME_H 1
| /* end confdefs.h.  */
| #include <intrinsics.h>
configure:4652: result: no
configure:4652: checking for intrinsics.h
configure:4652: result: no
configure:4652: checking mach/mach_time.h usability
configure:4652: /bin/gcc -march=native -c -O2 -I/mnt/lfs1/HFIP/hfip-gfdl/Kun.Gao/HAFS_tools/sorc/hafs_tools.fd/sorc/hafs_extlibs/include -L/mnt/lfs1/HFIP/hfip-gfdl/Kun.Gao/HAFS_tools/sorc/hafs_tools.fd/sorc/hafs_extlibs/lib -ffast-math -std=gnu99  conftest.c >&5
conftest.c:65:28: fatal error: mach/mach_time.h: No such file or directory
 #include <mach/mach_time.h>
                            ^
compilation terminated.
configure:4652: $? = 1
configure: failed program was:
| /* confdefs.h */
| #define PACKAGE_NAME "SHTns"
| #define PACKAGE_TARNAME "shtns"
| #define PACKAGE_VERSION "3.3.1"
| #define PACKAGE_STRING "SHTns 3.3.1"
| #define PACKAGE_BUGREPORT ""
| #define PACKAGE_URL "https://bitbucket.org/nschaeff/shtns"
| #define STDC_HEADERS 1
| #define HAVE_SYS_TYPES_H 1
| #define HAVE_SYS_STAT_H 1
| #define HAVE_STDLIB_H 1
| #define HAVE_STRING_H 1
| #define HAVE_MEMORY_H 1
| #define HAVE_STRINGS_H 1
| #define HAVE_INTTYPES_H 1
| #define HAVE_STDINT_H 1
| #define HAVE_UNISTD_H 1
| #define HAVE_STDLIB_H 1
| #define HAVE_STDIO_H 1
| #define HAVE_STRING_H 1
| #define HAVE_MATH_H 1
| #define HAVE_COMPLEX_H 1
| #define HAVE_LIBM 1
| #define HAVE_LIBFFTW3 1
| #define SHT_F77_API 1
| #define _GCC_VEC_ 1
| #define SHT_VERBOSE 1
| #define HAVE_FFTW_COST 1
| #define TIME_WITH_SYS_TIME 1
| #define HAVE_SYS_TIME_H 1
| /* end confdefs.h.  */
| #include <stdio.h>
| #ifdef HAVE_SYS_TYPES_H
| # include <sys/types.h>
| #endif
| #ifdef HAVE_SYS_STAT_H
| # include <sys/stat.h>
| #endif
| #ifdef STDC_HEADERS
| # include <stdlib.h>
| # include <stddef.h>
| #else
| # ifdef HAVE_STDLIB_H
| #  include <stdlib.h>
| # endif
| #endif
| #ifdef HAVE_STRING_H
| # if !defined STDC_HEADERS && defined HAVE_MEMORY_H
| #  include <memory.h>
| # endif
| # include <string.h>
| #endif
| #ifdef HAVE_STRINGS_H
| # include <strings.h>
| #endif
| #ifdef HAVE_INTTYPES_H
| # include <inttypes.h>
| #endif
| #ifdef HAVE_STDINT_H
| # include <stdint.h>
| #endif
| #ifdef HAVE_UNISTD_H
| # include <unistd.h>
| #endif
| #include <mach/mach_time.h>
configure:4652: result: no
configure:4652: checking mach/mach_time.h presence
configure:4652: /bin/gcc -march=native -E  conftest.c
conftest.c:32:28: fatal error: mach/mach_time.h: No such file or directory
 #include <mach/mach_time.h>
                            ^
compilation terminated.
configure:4652: $? = 1
configure: failed program was:
| /* confdefs.h */
| #define PACKAGE_NAME "SHTns"
| #define PACKAGE_TARNAME "shtns"
| #define PACKAGE_VERSION "3.3.1"
| #define PACKAGE_STRING "SHTns 3.3.1"
| #define PACKAGE_BUGREPORT ""
| #define PACKAGE_URL "https://bitbucket.org/nschaeff/shtns"
| #define STDC_HEADERS 1
| #define HAVE_SYS_TYPES_H 1
| #define HAVE_SYS_STAT_H 1
| #define HAVE_STDLIB_H 1
| #define HAVE_STRING_H 1
| #define HAVE_MEMORY_H 1
| #define HAVE_STRINGS_H 1
| #define HAVE_INTTYPES_H 1
| #define HAVE_STDINT_H 1
| #define HAVE_UNISTD_H 1
| #define HAVE_STDLIB_H 1
| #define HAVE_STDIO_H 1
| #define HAVE_STRING_H 1
| #define HAVE_MATH_H 1
| #define HAVE_COMPLEX_H 1
| #define HAVE_LIBM 1
| #define HAVE_LIBFFTW3 1
| #define SHT_F77_API 1
| #define _GCC_VEC_ 1
| #define SHT_VERBOSE 1
| #define HAVE_FFTW_COST 1
| #define TIME_WITH_SYS_TIME 1
| #define HAVE_SYS_TIME_H 1
| /* end confdefs.h.  */
| #include <mach/mach_time.h>
configure:4652: result: no
configure:4652: checking for mach/mach_time.h
configure:4652: result: no
configure:4663: checking for hrtime_t
configure:4663: /bin/gcc -march=native -c -O2 -I/mnt/lfs1/HFIP/hfip-gfdl/Kun.Gao/HAFS_tools/sorc/hafs_tools.fd/sorc/hafs_extlibs/include -L/mnt/lfs1/HFIP/hfip-gfdl/Kun.Gao/HAFS_tools/sorc/hafs_tools.fd/sorc/hafs_extlibs/lib -ffast-math -std=gnu99  conftest.c >&5
conftest.c: In function 'main':
conftest.c:39:13: error: 'hrtime_t' undeclared (first use in this function)
 if (sizeof (hrtime_t))
             ^
conftest.c:39:13: note: each undeclared identifier is reported only once for each function it appears in
configure:4663: $? = 1
configure: failed program was:
| /* confdefs.h */
| #define PACKAGE_NAME "SHTns"
| #define PACKAGE_TARNAME "shtns"
| #define PACKAGE_VERSION "3.3.1"
| #define PACKAGE_STRING "SHTns 3.3.1"
| #define PACKAGE_BUGREPORT ""
| #define PACKAGE_URL "https://bitbucket.org/nschaeff/shtns"
| #define STDC_HEADERS 1
| #define HAVE_SYS_TYPES_H 1
| #define HAVE_SYS_STAT_H 1
| #define HAVE_STDLIB_H 1
| #define HAVE_STRING_H 1
| #define HAVE_MEMORY_H 1
| #define HAVE_STRINGS_H 1
| #define HAVE_INTTYPES_H 1
| #define HAVE_STDINT_H 1
| #define HAVE_UNISTD_H 1
| #define HAVE_STDLIB_H 1
| #define HAVE_STDIO_H 1
| #define HAVE_STRING_H 1
| #define HAVE_MATH_H 1
| #define HAVE_COMPLEX_H 1
| #define HAVE_LIBM 1
| #define HAVE_LIBFFTW3 1
| #define SHT_F77_API 1
| #define _GCC_VEC_ 1
| #define SHT_VERBOSE 1
| #define HAVE_FFTW_COST 1
| #define TIME_WITH_SYS_TIME 1
| #define HAVE_SYS_TIME_H 1
| /* end confdefs.h.  */
| #if HAVE_SYS_TIME_H
| #include <sys/time.h>
| #endif
| 
| int
| main ()
| {
| if (sizeof (hrtime_t))
| 	 return 0;
|   ;
|   return 0;
| }
configure:4663: result: no
configure:4677: checking for gethrtime
configure:4677: /bin/gcc -march=native -o conftest -O2 -I/mnt/lfs1/HFIP/hfip-gfdl/Kun.Gao/HAFS_tools/sorc/hafs_tools.fd/sorc/hafs_extlibs/include -L/mnt/lfs1/HFIP/hfip-gfdl/Kun.Gao/HAFS_tools/sorc/hafs_tools.fd/sorc/hafs_extlibs/lib -ffast-math -std=gnu99  -L/mnt/lfs1/HFIP/hfip-gfdl/Kun.Gao/HAFS_tools/sorc/hafs_tools.fd/sorc/hafs_extlibs/lib conftest.c -lfftw3 -lm  >&5
/tmp/cc2P4nXf.o: In function `main':
conftest.c:(.text.startup+0x7): undefined reference to `gethrtime'
collect2: error: ld returned 1 exit status
configure:4677: $? = 1
configure: failed program was:
| /* confdefs.h */
| #define PACKAGE_NAME "SHTns"
| #define PACKAGE_TARNAME "shtns"
| #define PACKAGE_VERSION "3.3.1"
| #define PACKAGE_STRING "SHTns 3.3.1"
| #define PACKAGE_BUGREPORT ""
| #define PACKAGE_URL "https://bitbucket.org/nschaeff/shtns"
| #define STDC_HEADERS 1
| #define HAVE_SYS_TYPES_H 1
| #define HAVE_SYS_STAT_H 1
| #define HAVE_STDLIB_H 1
| #define HAVE_STRING_H 1
| #define HAVE_MEMORY_H 1
| #define HAVE_STRINGS_H 1
| #define HAVE_INTTYPES_H 1
| #define HAVE_STDINT_H 1
| #define HAVE_UNISTD_H 1
| #define HAVE_STDLIB_H 1
| #define HAVE_STDIO_H 1
| #define HAVE_STRING_H 1
| #define HAVE_MATH_H 1
| #define HAVE_COMPLEX_H 1
| #define HAVE_LIBM 1
| #define HAVE_LIBFFTW3 1
| #define SHT_F77_API 1
| #define _GCC_VEC_ 1
| #define SHT_VERBOSE 1
| #define HAVE_FFTW_COST 1
| #define TIME_WITH_SYS_TIME 1
| #define HAVE_SYS_TIME_H 1
| /* end confdefs.h.  */
| /* Define gethrtime to an innocuous variant, in case <limits.h> declares gethrtime.
|    For example, HP-UX 11i <limits.h> declares gettimeofday.  */
| #define gethrtime innocuous_gethrtime
| 
| /* System header to define __stub macros and hopefully few prototypes,
|     which can conflict with char gethrtime (); below.
|     Prefer <limits.h> to <assert.h> if __STDC__ is defined, since
|     <limits.h> exists even on freestanding compilers.  */
| 
| #ifdef __STDC__
| # include <limits.h>
| #else
| # include <assert.h>
| #endif
| 
| #undef gethrtime
| 
| /* Override any GCC internal prototype to avoid an error.
|    Use char because int might match the return type of a GCC
|    builtin and then its argument prototype would still apply.  */
| #ifdef __cplusplus
| extern "C"
| #endif
| char gethrtime ();
| /* The GNU C library defines this for functions which it implements
|     to always fail with ENOSYS.  Some functions are actually named
|     something starting with __ and the normal name is an alias.  */
| #if defined __stub_gethrtime || defined __stub___gethrtime
| choke me
| #endif
| 
| int
| main ()
| {
| return gethrtime ();
|   ;
|   return 0;
| }
configure:4677: result: no
configure:4677: checking for read_real_time
configure:4677: /bin/gcc -march=native -o conftest -O2 -I/mnt/lfs1/HFIP/hfip-gfdl/Kun.Gao/HAFS_tools/sorc/hafs_tools.fd/sorc/hafs_extlibs/include -L/mnt/lfs1/HFIP/hfip-gfdl/Kun.Gao/HAFS_tools/sorc/hafs_tools.fd/sorc/hafs_extlibs/lib -ffast-math -std=gnu99  -L/mnt/lfs1/HFIP/hfip-gfdl/Kun.Gao/HAFS_tools/sorc/hafs_tools.fd/sorc/hafs_extlibs/lib conftest.c -lfftw3 -lm  >&5
/tmp/ccKUDWHp.o: In function `main':
conftest.c:(.text.startup+0x7): undefined reference to `read_real_time'
collect2: error: ld returned 1 exit status
configure:4677: $? = 1
configure: failed program was:
| /* confdefs.h */
| #define PACKAGE_NAME "SHTns"
| #define PACKAGE_TARNAME "shtns"
| #define PACKAGE_VERSION "3.3.1"
| #define PACKAGE_STRING "SHTns 3.3.1"
| #define PACKAGE_BUGREPORT ""
| #define PACKAGE_URL "https://bitbucket.org/nschaeff/shtns"
| #define STDC_HEADERS 1
| #define HAVE_SYS_TYPES_H 1
| #define HAVE_SYS_STAT_H 1
| #define HAVE_STDLIB_H 1
| #define HAVE_STRING_H 1
| #define HAVE_MEMORY_H 1
| #define HAVE_STRINGS_H 1
| #define HAVE_INTTYPES_H 1
| #define HAVE_STDINT_H 1
| #define HAVE_UNISTD_H 1
| #define HAVE_STDLIB_H 1
| #define HAVE_STDIO_H 1
| #define HAVE_STRING_H 1
| #define HAVE_MATH_H 1
| #define HAVE_COMPLEX_H 1
| #define HAVE_LIBM 1
| #define HAVE_LIBFFTW3 1
| #define SHT_F77_API 1
| #define _GCC_VEC_ 1
| #define SHT_VERBOSE 1
| #define HAVE_FFTW_COST 1
| #define TIME_WITH_SYS_TIME 1
| #define HAVE_SYS_TIME_H 1
| /* end confdefs.h.  */
| /* Define read_real_time to an innocuous variant, in case <limits.h> declares read_real_time.
|    For example, HP-UX 11i <limits.h> declares gettimeofday.  */
| #define read_real_time innocuous_read_real_time
| 
| /* System header to define __stub macros and hopefully few prototypes,
|     which can conflict with char read_real_time (); below.
|     Prefer <limits.h> to <assert.h> if __STDC__ is defined, since
|     <limits.h> exists even on freestanding compilers.  */
| 
| #ifdef __STDC__
| # include <limits.h>
| #else
| # include <assert.h>
| #endif
| 
| #undef read_real_time
| 
| /* Override any GCC internal prototype to avoid an error.
|    Use char because int might match the return type of a GCC
|    builtin and then its argument prototype would still apply.  */
| #ifdef __cplusplus
| extern "C"
| #endif
| char read_real_time ();
| /* The GNU C library defines this for functions which it implements
|     to always fail with ENOSYS.  Some functions are actually named
|     something starting with __ and the normal name is an alias.  */
| #if defined __stub_read_real_time || defined __stub___read_real_time
| choke me
| #endif
| 
| int
| main ()
| {
| return read_real_time ();
|   ;
|   return 0;
| }
configure:4677: result: no
configure:4677: checking for time_base_to_time
configure:4677: /bin/gcc -march=native -o conftest -O2 -I/mnt/lfs1/HFIP/hfip-gfdl/Kun.Gao/HAFS_tools/sorc/hafs_tools.fd/sorc/hafs_extlibs/include -L/mnt/lfs1/HFIP/hfip-gfdl/Kun.Gao/HAFS_tools/sorc/hafs_tools.fd/sorc/hafs_extlibs/lib -ffast-math -std=gnu99  -L/mnt/lfs1/HFIP/hfip-gfdl/Kun.Gao/HAFS_tools/sorc/hafs_tools.fd/sorc/hafs_extlibs/lib conftest.c -lfftw3 -lm  >&5
/tmp/ccSKnswz.o: In function `main':
conftest.c:(.text.startup+0x7): undefined reference to `time_base_to_time'
collect2: error: ld returned 1 exit status
configure:4677: $? = 1
configure: failed program was:
| /* confdefs.h */
| #define PACKAGE_NAME "SHTns"
| #define PACKAGE_TARNAME "shtns"
| #define PACKAGE_VERSION "3.3.1"
| #define PACKAGE_STRING "SHTns 3.3.1"
| #define PACKAGE_BUGREPORT ""
| #define PACKAGE_URL "https://bitbucket.org/nschaeff/shtns"
| #define STDC_HEADERS 1
| #define HAVE_SYS_TYPES_H 1
| #define HAVE_SYS_STAT_H 1
| #define HAVE_STDLIB_H 1
| #define HAVE_STRING_H 1
| #define HAVE_MEMORY_H 1
| #define HAVE_STRINGS_H 1
| #define HAVE_INTTYPES_H 1
| #define HAVE_STDINT_H 1
| #define HAVE_UNISTD_H 1
| #define HAVE_STDLIB_H 1
| #define HAVE_STDIO_H 1
| #define HAVE_STRING_H 1
| #define HAVE_MATH_H 1
| #define HAVE_COMPLEX_H 1
| #define HAVE_LIBM 1
| #define HAVE_LIBFFTW3 1
| #define SHT_F77_API 1
| #define _GCC_VEC_ 1
| #define SHT_VERBOSE 1
| #define HAVE_FFTW_COST 1
| #define TIME_WITH_SYS_TIME 1
| #define HAVE_SYS_TIME_H 1
| /* end confdefs.h.  */
| /* Define time_base_to_time to an innocuous variant, in case <limits.h> declares time_base_to_time.
|    For example, HP-UX 11i <limits.h> declares gettimeofday.  */
| #define time_base_to_time innocuous_time_base_to_time
| 
| /* System header to define __stub macros and hopefully few prototypes,
|     which can conflict with char time_base_to_time (); below.
|     Prefer <limits.h> to <assert.h> if __STDC__ is defined, since
|     <limits.h> exists even on freestanding compilers.  */
| 
| #ifdef __STDC__
| # include <limits.h>
| #else
| # include <assert.h>
| #endif
| 
| #undef time_base_to_time
| 
| /* Override any GCC internal prototype to avoid an error.
|    Use char because int might match the return type of a GCC
|    builtin and then its argument prototype would still apply.  */
| #ifdef __cplusplus
| extern "C"
| #endif
| char time_base_to_time ();
| /* The GNU C library defines this for functions which it implements
|     to always fail with ENOSYS.  Some functions are actually named
|     something starting with __ and the normal name is an alias.  */
| #if defined __stub_time_base_to_time || defined __stub___time_base_to_time
| choke me
| #endif
| 
| int
| main ()
| {
| return time_base_to_time ();
|   ;
|   return 0;
| }
configure:4677: result: no
configure:4677: checking for clock_gettime
configure:4677: /bin/gcc -march=native -o conftest -O2 -I/mnt/lfs1/HFIP/hfip-gfdl/Kun.Gao/HAFS_tools/sorc/hafs_tools.fd/sorc/hafs_extlibs/include -L/mnt/lfs1/HFIP/hfip-gfdl/Kun.Gao/HAFS_tools/sorc/hafs_tools.fd/sorc/hafs_extlibs/lib -ffast-math -std=gnu99  -L/mnt/lfs1/HFIP/hfip-gfdl/Kun.Gao/HAFS_tools/sorc/hafs_tools.fd/sorc/hafs_extlibs/lib conftest.c -lfftw3 -lm  >&5
configure:4677: $? = 0
configure:4677: result: yes
configure:4677: checking for mach_absolute_time
configure:4677: /bin/gcc -march=native -o conftest -O2 -I/mnt/lfs1/HFIP/hfip-gfdl/Kun.Gao/HAFS_tools/sorc/hafs_tools.fd/sorc/hafs_extlibs/include -L/mnt/lfs1/HFIP/hfip-gfdl/Kun.Gao/HAFS_tools/sorc/hafs_tools.fd/sorc/hafs_extlibs/lib -ffast-math -std=gnu99  -L/mnt/lfs1/HFIP/hfip-gfdl/Kun.Gao/HAFS_tools/sorc/hafs_tools.fd/sorc/hafs_extlibs/lib conftest.c -lfftw3 -lm  >&5
/tmp/ccSoGMSQ.o: In function `main':
conftest.c:(.text.startup+0x7): undefined reference to `mach_absolute_time'
collect2: error: ld returned 1 exit status
configure:4677: $? = 1
configure: failed program was:
| /* confdefs.h */
| #define PACKAGE_NAME "SHTns"
| #define PACKAGE_TARNAME "shtns"
| #define PACKAGE_VERSION "3.3.1"
| #define PACKAGE_STRING "SHTns 3.3.1"
| #define PACKAGE_BUGREPORT ""
| #define PACKAGE_URL "https://bitbucket.org/nschaeff/shtns"
| #define STDC_HEADERS 1
| #define HAVE_SYS_TYPES_H 1
| #define HAVE_SYS_STAT_H 1
| #define HAVE_STDLIB_H 1
| #define HAVE_STRING_H 1
| #define HAVE_MEMORY_H 1
| #define HAVE_STRINGS_H 1
| #define HAVE_INTTYPES_H 1
| #define HAVE_STDINT_H 1
| #define HAVE_UNISTD_H 1
| #define HAVE_STDLIB_H 1
| #define HAVE_STDIO_H 1
| #define HAVE_STRING_H 1
| #define HAVE_MATH_H 1
| #define HAVE_COMPLEX_H 1
| #define HAVE_LIBM 1
| #define HAVE_LIBFFTW3 1
| #define SHT_F77_API 1
| #define _GCC_VEC_ 1
| #define SHT_VERBOSE 1
| #define HAVE_FFTW_COST 1
| #define TIME_WITH_SYS_TIME 1
| #define HAVE_SYS_TIME_H 1
| #define HAVE_CLOCK_GETTIME 1
| /* end confdefs.h.  */
| /* Define mach_absolute_time to an innocuous variant, in case <limits.h> declares mach_absolute_time.
|    For example, HP-UX 11i <limits.h> declares gettimeofday.  */
| #define mach_absolute_time innocuous_mach_absolute_time
| 
| /* System header to define __stub macros and hopefully few prototypes,
|     which can conflict with char mach_absolute_time (); below.
|     Prefer <limits.h> to <assert.h> if __STDC__ is defined, since
|     <limits.h> exists even on freestanding compilers.  */
| 
| #ifdef __STDC__
| # include <limits.h>
| #else
| # include <assert.h>
| #endif
| 
| #undef mach_absolute_time
| 
| /* Override any GCC internal prototype to avoid an error.
|    Use char because int might match the return type of a GCC
|    builtin and then its argument prototype would still apply.  */
| #ifdef __cplusplus
| extern "C"
| #endif
| char mach_absolute_time ();
| /* The GNU C library defines this for functions which it implements
|     to always fail with ENOSYS.  Some functions are actually named
|     something starting with __ and the normal name is an alias.  */
| #if defined __stub_mach_absolute_time || defined __stub___mach_absolute_time
| choke me
| #endif
| 
| int
| main ()
| {
| return mach_absolute_time ();
|   ;
|   return 0;
| }
configure:4677: result: no
configure:4687: checking for _rtc intrinsic
configure:4703: /bin/gcc -march=native -o conftest -O2 -I/mnt/lfs1/HFIP/hfip-gfdl/Kun.Gao/HAFS_tools/sorc/hafs_tools.fd/sorc/hafs_extlibs/include -L/mnt/lfs1/HFIP/hfip-gfdl/Kun.Gao/HAFS_tools/sorc/hafs_tools.fd/sorc/hafs_extlibs/lib -ffast-math -std=gnu99  -L/mnt/lfs1/HFIP/hfip-gfdl/Kun.Gao/HAFS_tools/sorc/hafs_tools.fd/sorc/hafs_extlibs/lib conftest.c -lfftw3 -lm  >&5
conftest.c: In function 'main':
conftest.c:39:1: warning: implicit declaration of function '_rtc' [-Wimplicit-function-declaration]
 _rtc()
 ^
/tmp/ccbc62oW.o: In function `main':
conftest.c:(.text.startup+0x7): undefined reference to `_rtc'
collect2: error: ld returned 1 exit status
configure:4703: $? = 1
configure: failed program was:
| /* confdefs.h */
| #define PACKAGE_NAME "SHTns"
| #define PACKAGE_TARNAME "shtns"
| #define PACKAGE_VERSION "3.3.1"
| #define PACKAGE_STRING "SHTns 3.3.1"
| #define PACKAGE_BUGREPORT ""
| #define PACKAGE_URL "https://bitbucket.org/nschaeff/shtns"
| #define STDC_HEADERS 1
| #define HAVE_SYS_TYPES_H 1
| #define HAVE_SYS_STAT_H 1
| #define HAVE_STDLIB_H 1
| #define HAVE_STRING_H 1
| #define HAVE_MEMORY_H 1
| #define HAVE_STRINGS_H 1
| #define HAVE_INTTYPES_H 1
| #define HAVE_STDINT_H 1
| #define HAVE_UNISTD_H 1
| #define HAVE_STDLIB_H 1
| #define HAVE_STDIO_H 1
| #define HAVE_STRING_H 1
| #define HAVE_MATH_H 1
| #define HAVE_COMPLEX_H 1
| #define HAVE_LIBM 1
| #define HAVE_LIBFFTW3 1
| #define SHT_F77_API 1
| #define _GCC_VEC_ 1
| #define SHT_VERBOSE 1
| #define HAVE_FFTW_COST 1
| #define TIME_WITH_SYS_TIME 1
| #define HAVE_SYS_TIME_H 1
| #define HAVE_CLOCK_GETTIME 1
| /* end confdefs.h.  */
| #ifdef HAVE_INTRINSICS_H
| #include <intrinsics.h>
| #endif
| int
| main ()
| {
| _rtc()
|   ;
|   return 0;
| }
configure:4712: result: no
configure:4823: checking for Fortran compiler version
configure:4832: ifort --version >&5
ifort (IFORT) 18.0.5 20180823
Copyright (C) 1985-2018 Intel Corporation.  All rights reserved.

configure:4843: $? = 0
configure:4832: ifort -v >&5
ifort version 18.0.5
configure:4843: $? = 0
configure:4832: ifort -V >&5
Intel(R) Fortran Intel(R) 64 Compiler for applications running on Intel(R) 64, Version 18.0.5.274 Build 20180823
Copyright (C) 1985-2018 Intel Corporation.  All rights reserved.

configure:4843: $? = 0
configure:4832: ifort -qversion >&5
ifort: command line warning #10006: ignoring unknown option '-qversion'
ifort: command line error: no files specified; for help type "ifort -help"
configure:4843: $? = 1
configure:4852: checking whether we are using the GNU Fortran compiler
configure:4865: ifort -c   conftest.F >&5
conftest.F(3): error #5082: Syntax error, found END-OF-STATEMENT when expecting one of: => = . [ % ( :
       choke me
---------------^
compilation aborted for conftest.F (code 1)
configure:4865: $? = 1
configure: failed program was:
|       program main
| #ifndef __GNUC__
|        choke me
| #endif
| 
|       end
configure:4874: result: no
configure:4880: checking whether ifort accepts -g
configure:4891: ifort -c -g  conftest.f >&5
configure:4891: $? = 0
configure:4899: result: yes
configure:5053: creating ./config.status

## ---------------------- ##
## Running config.status. ##
## ---------------------- ##

This file was extended by SHTns config.status 3.3.1, which was
generated by GNU Autoconf 2.69.  Invocation command line was

  CONFIG_FILES    = 
  CONFIG_HEADERS  = 
  CONFIG_LINKS    = 
  CONFIG_COMMANDS = 
  $ ./config.status 

on fe8

config.status:828: creating Makefile
config.status:828: creating setup.py
config.status:828: creating sht_config.h
config.status:998: sht_config.h is unchanged

## ---------------- ##
## Cache variables. ##
## ---------------- ##

ac_cv_c_compiler_gnu=yes
ac_cv_c_inline=inline
ac_cv_env_CC_set=set
ac_cv_env_CC_value=/bin/gcc
ac_cv_env_CFLAGS_set=
ac_cv_env_CFLAGS_value=
ac_cv_env_CPPFLAGS_set=
ac_cv_env_CPPFLAGS_value=
ac_cv_env_CPP_set=
ac_cv_env_CPP_value=
ac_cv_env_FCFLAGS_set=
ac_cv_env_FCFLAGS_value=
ac_cv_env_FC_set=set
ac_cv_env_FC_value=ifort
ac_cv_env_LDFLAGS_set=set
ac_cv_env_LDFLAGS_value=-L/mnt/lfs1/HFIP/hfip-gfdl/Kun.Gao/HAFS_tools/sorc/hafs_tools.fd/sorc/hafs_extlibs/lib
ac_cv_env_LIBS_set=
ac_cv_env_LIBS_value=
ac_cv_env_PYTHON_set=
ac_cv_env_PYTHON_value=
ac_cv_env_build_alias_set=
ac_cv_env_build_alias_value=
ac_cv_env_host_alias_set=
ac_cv_env_host_alias_value=
ac_cv_env_target_alias_set=
ac_cv_env_target_alias_value=
ac_cv_fc_compiler_gnu=no
ac_cv_func_clock_gettime=yes
ac_cv_func_fftw_cost=yes
ac_cv_func_gethrtime=no
ac_cv_func_mach_absolute_time=no
ac_cv_func_read_real_time=no
ac_cv_func_time_base_to_time=no
ac_cv_header_c_asm_h=no
ac_cv_header_complex_h=yes
ac_cv_header_intrinsics_h=no
ac_cv_header_inttypes_h=yes
ac_cv_header_mach_mach_time_h=no
ac_cv_header_math_h=yes
ac_cv_header_memory_h=yes
ac_cv_header_stdc=yes
ac_cv_header_stdint_h=yes
ac_cv_header_stdio_h=yes
ac_cv_header_stdlib_h=yes
ac_cv_header_string_h=yes
ac_cv_header_strings_h=yes
ac_cv_header_sys_stat_h=yes
ac_cv_header_sys_time_h=yes
ac_cv_header_sys_types_h=yes
ac_cv_header_time=yes
ac_cv_header_unistd_h=yes
ac_cv_lib_fftw3_fftw_plan_many_dft=yes
ac_cv_lib_m_cos=yes
ac_cv_objext=o
ac_cv_path_EGREP='/bin/grep -E'
ac_cv_path_GREP=/bin/grep
ac_cv_path_SED=/bin/sed
ac_cv_prog_CPP='/bin/gcc -march=native -E'
ac_cv_prog_ac_ct_CC=/bin/gcc
ac_cv_prog_cc_c89=
ac_cv_prog_cc_g=yes
ac_cv_prog_fc_g=yes
ac_cv_type_hrtime_t=no
ac_cv_type_size_t=yes
ax_cv_check_cflags___ffast_math=yes
ax_cv_check_cflags___march_native=yes
ax_cv_check_cflags___qopt_zmm_usage_high=no
ax_cv_check_cflags___std_gnu99=yes

## ----------------- ##
## Output variables. ##
## ----------------- ##

CC='/bin/gcc -march=native'
CFLAGS='-O2 -I/mnt/lfs1/HFIP/hfip-gfdl/Kun.Gao/HAFS_tools/sorc/hafs_tools.fd/sorc/hafs_extlibs/include -L/mnt/lfs1/HFIP/hfip-gfdl/Kun.Gao/HAFS_tools/sorc/hafs_tools.fd/sorc/hafs_extlibs/lib -ffast-math -std=gnu99'
CPP='/bin/gcc -march=native -E'
CPPFLAGS=''
DEFS='-DHAVE_CONFIG_H'
ECHO_C=''
ECHO_N='-n'
ECHO_T=''
EGREP='/bin/grep -E'
EXEEXT=''
FC='ifort'
FCFLAGS='-g'
GREP='/bin/grep'
LDFLAGS='-L/mnt/lfs1/HFIP/hfip-gfdl/Kun.Gao/HAFS_tools/sorc/hafs_tools.fd/sorc/hafs_extlibs/lib'
LIBOBJS=''
LIBS='-lfftw3 -lm '
LTLIBOBJS=''
OBJEXT='o'
OPENMP_CFLAGS=''
PACKAGE_BUGREPORT=''
PACKAGE_NAME='SHTns'
PACKAGE_STRING='SHTns 3.3.1'
PACKAGE_TARNAME='shtns'
PACKAGE_URL='https://bitbucket.org/nschaeff/shtns'
PACKAGE_VERSION='3.3.1'
PATH_SEPARATOR=':'
PYTHON=''
SED='/bin/sed'
SHELL='/bin/sh'
ac_ct_CC='/bin/gcc'
ac_ct_FC=''
bindir='${exec_prefix}/bin'
build_alias=''
datadir='${datarootdir}'
datarootdir='${prefix}/share'
docdir='${datarootdir}/doc/${PACKAGE_TARNAME}'
dvidir='${docdir}'
exec_prefix='${prefix}'
host_alias=''
htmldir='${docdir}'
includedir='${prefix}/include'
infodir='${datarootdir}/info'
install='install-lib'
libdir='${exec_prefix}/lib'
libexecdir='${exec_prefix}/libexec'
libname='libshtns.a'
localedir='${datarootdir}/locale'
localstatedir='${prefix}/var'
mandir='${datarootdir}/man'
numpy_inc=''
nvcc_flags=''
objs='sht_fly.o'
oldincludedir='/usr/include'
pdfdir='${docdir}'
prefix='/mnt/lfs1/HFIP/hfip-gfdl/Kun.Gao/HAFS_tools/sorc/hafs_tools.fd/sorc/hafs_extlibs'
program_transform_name='s,x,x,'
psdir='${docdir}'
python_inc=''
sbindir='${exec_prefix}/sbin'
sharedstatedir='${prefix}/com'
shtcc_flags='-O3'
sysconfdir='${prefix}/etc'
target='libshtns.a'
target_alias=''

## ----------- ##
## confdefs.h. ##
## ----------- ##

/* confdefs.h */
#define PACKAGE_NAME "SHTns"
#define PACKAGE_TARNAME "shtns"
#define PACKAGE_VERSION "3.3.1"
#define PACKAGE_STRING "SHTns 3.3.1"
#define PACKAGE_BUGREPORT ""
#define PACKAGE_URL "https://bitbucket.org/nschaeff/shtns"
#define STDC_HEADERS 1
#define HAVE_SYS_TYPES_H 1
#define HAVE_SYS_STAT_H 1
#define HAVE_STDLIB_H 1
#define HAVE_STRING_H 1
#define HAVE_MEMORY_H 1
#define HAVE_STRINGS_H 1
#define HAVE_INTTYPES_H 1
#define HAVE_STDINT_H 1
#define HAVE_UNISTD_H 1
#define HAVE_STDLIB_H 1
#define HAVE_STDIO_H 1
#define HAVE_STRING_H 1
#define HAVE_MATH_H 1
#define HAVE_COMPLEX_H 1
#define HAVE_LIBM 1
#define HAVE_LIBFFTW3 1
#define SHT_F77_API 1
#define _GCC_VEC_ 1
#define SHT_VERBOSE 1
#define HAVE_FFTW_COST 1
#define TIME_WITH_SYS_TIME 1
#define HAVE_SYS_TIME_H 1
#define HAVE_CLOCK_GETTIME 1

configure: exit 0
